GAS LISTING /tmp/ccle3ynw.s 			page 1


   1              		.file	"print.cpp"
   2              		.option pic
   3              		.option norelax
   4              		.text
   5              	.Ltext0:
   6              		.align	2
   7              		.globl	_Z12printIntegerm
   9              	_Z12printIntegerm:
  10              	.LFB16:
  11              		.file 1 "src/print.cpp"
   1:src/print.cpp **** //
   2:src/print.cpp **** // Created by marko on 20.4.22..
   3:src/print.cpp **** //
   4:src/print.cpp **** 
   5:src/print.cpp **** #include "../h/print.hpp"
   6:src/print.cpp **** #include "../lib/console.h"
   7:src/print.cpp **** #include "../h/riscv.hpp"
   8:src/print.cpp **** /*
   9:src/print.cpp **** void printString(char const *string)
  10:src/print.cpp **** {
  11:src/print.cpp ****     uint64 sstatus = Riscv::r_sstatus();
  12:src/print.cpp ****     Riscv::mc_sstatus(Riscv::SSTATUS_SIE);
  13:src/print.cpp ****     while (*string != '\0')
  14:src/print.cpp ****     {
  15:src/print.cpp ****         __putc(*string);
  16:src/print.cpp ****         string++;
  17:src/print.cpp ****     }
  18:src/print.cpp ****     Riscv::ms_sstatus(sstatus & Riscv::SSTATUS_SIE ? Riscv::SSTATUS_SIE : 0);
  19:src/print.cpp **** }*/
  20:src/print.cpp **** 
  21:src/print.cpp **** void printInteger(uint64 integer)
  22:src/print.cpp **** {
  12              		.loc 1 22 1
  13              		.cfi_startproc
  14              	.LVL0:
  15 0000 130101FC 		addi	sp,sp,-64
  16              		.cfi_def_cfa_offset 64
  17 0004 233C1102 		sd	ra,56(sp)
  18 0008 23388102 		sd	s0,48(sp)
  19 000c 23349102 		sd	s1,40(sp)
  20 0010 23302103 		sd	s2,32(sp)
  21              		.cfi_offset 1, -8
  22              		.cfi_offset 8, -16
  23              		.cfi_offset 9, -24
  24              		.cfi_offset 18, -32
  25 0014 13040104 		addi	s0,sp,64
  26              		.cfi_def_cfa 8, 0
  23:src/print.cpp ****     uint64 sstatus = Riscv::r_sstatus();
  27              		.loc 1 23 5
  28              	.LBB8:
  29              	.LBB9:
  30              		.file 2 "src/../h/riscv.hpp"
   1:src/../h/riscv.hpp **** //
   2:src/../h/riscv.hpp **** // Created by marko on 20.4.22..
   3:src/../h/riscv.hpp **** //
   4:src/../h/riscv.hpp **** 
   5:src/../h/riscv.hpp **** #ifndef OS1_VEZBE07_RISCV_CONTEXT_SWITCH_1_SYNCHRONOUS_RISCV_HPP
GAS LISTING /tmp/ccle3ynw.s 			page 2


   6:src/../h/riscv.hpp **** #define OS1_VEZBE07_RISCV_CONTEXT_SWITCH_1_SYNCHRONOUS_RISCV_HPP
   7:src/../h/riscv.hpp **** 
   8:src/../h/riscv.hpp **** #include "../lib/hw.h"
   9:src/../h/riscv.hpp **** 
  10:src/../h/riscv.hpp **** class Riscv
  11:src/../h/riscv.hpp **** {
  12:src/../h/riscv.hpp **** public:
  13:src/../h/riscv.hpp **** 
  14:src/../h/riscv.hpp ****     // pop sstatus.spp and sstatus.spie bits (has to be a non inline function)
  15:src/../h/riscv.hpp ****     static void popSppSpie();
  16:src/../h/riscv.hpp **** 
  17:src/../h/riscv.hpp ****     // push x3..x31 registers on stack
  18:src/../h/riscv.hpp ****     static void pushRegisters();
  19:src/../h/riscv.hpp **** 
  20:src/../h/riscv.hpp ****     // pop x3..x31 registers from stack
  21:src/../h/riscv.hpp ****     static void popRegisters();
  22:src/../h/riscv.hpp **** 
  23:src/../h/riscv.hpp ****     // read register scause
  24:src/../h/riscv.hpp ****     static uint64 r_scause();
  25:src/../h/riscv.hpp **** 
  26:src/../h/riscv.hpp ****     // write register scause
  27:src/../h/riscv.hpp ****     static void w_scause(uint64 scause);
  28:src/../h/riscv.hpp **** 
  29:src/../h/riscv.hpp ****     // read register sepc
  30:src/../h/riscv.hpp ****     static uint64 r_sepc();
  31:src/../h/riscv.hpp **** 
  32:src/../h/riscv.hpp ****     // write register sepc
  33:src/../h/riscv.hpp ****     static void w_sepc(uint64 sepc);
  34:src/../h/riscv.hpp **** 
  35:src/../h/riscv.hpp ****     // read register stvec
  36:src/../h/riscv.hpp ****     static uint64 r_stvec();
  37:src/../h/riscv.hpp **** 
  38:src/../h/riscv.hpp ****     // write register stvec
  39:src/../h/riscv.hpp ****     static void w_stvec(uint64 stvec);
  40:src/../h/riscv.hpp **** 
  41:src/../h/riscv.hpp ****     // read register stval
  42:src/../h/riscv.hpp ****     static uint64 r_stval();
  43:src/../h/riscv.hpp **** 
  44:src/../h/riscv.hpp ****     // write register stval
  45:src/../h/riscv.hpp ****     static void w_stval(uint64 stval);
  46:src/../h/riscv.hpp **** 
  47:src/../h/riscv.hpp ****     enum BitMaskSip
  48:src/../h/riscv.hpp ****     {
  49:src/../h/riscv.hpp ****         SIP_SSIP = (1 << 1),
  50:src/../h/riscv.hpp ****         SIP_STIP = (1 << 5),
  51:src/../h/riscv.hpp ****         SIP_SEIP = (1 << 9),
  52:src/../h/riscv.hpp ****     };
  53:src/../h/riscv.hpp **** 
  54:src/../h/riscv.hpp ****     // mask set register sip
  55:src/../h/riscv.hpp ****     static void ms_sip(uint64 mask);
  56:src/../h/riscv.hpp **** 
  57:src/../h/riscv.hpp ****     // mask clear register sip
  58:src/../h/riscv.hpp ****     static void mc_sip(uint64 mask);
  59:src/../h/riscv.hpp **** 
  60:src/../h/riscv.hpp ****     // read register sip
  61:src/../h/riscv.hpp ****     static uint64 r_sip();
  62:src/../h/riscv.hpp **** 
GAS LISTING /tmp/ccle3ynw.s 			page 3


  63:src/../h/riscv.hpp ****     // write register sip
  64:src/../h/riscv.hpp ****     static void w_sip(uint64 sip);
  65:src/../h/riscv.hpp **** 
  66:src/../h/riscv.hpp ****     enum BitMaskSstatus
  67:src/../h/riscv.hpp ****     {
  68:src/../h/riscv.hpp ****         SSTATUS_SIE = (1 << 1),
  69:src/../h/riscv.hpp ****         SSTATUS_SPIE = (1 << 5),
  70:src/../h/riscv.hpp ****         SSTATUS_SPP = (1 << 8),
  71:src/../h/riscv.hpp ****     };
  72:src/../h/riscv.hpp **** 
  73:src/../h/riscv.hpp ****     // mask set register sstatus
  74:src/../h/riscv.hpp ****     static void ms_sstatus(uint64 mask);
  75:src/../h/riscv.hpp **** 
  76:src/../h/riscv.hpp ****     // mask clear register sstatus
  77:src/../h/riscv.hpp ****     static void mc_sstatus(uint64 mask);
  78:src/../h/riscv.hpp **** 
  79:src/../h/riscv.hpp ****     // read register sstatus
  80:src/../h/riscv.hpp ****     static uint64 r_sstatus();
  81:src/../h/riscv.hpp **** 
  82:src/../h/riscv.hpp ****     // write register sstatus
  83:src/../h/riscv.hpp ****     static void w_sstatus(uint64 sstatus);
  84:src/../h/riscv.hpp **** 
  85:src/../h/riscv.hpp ****     //supervisor trap
  86:src/../h/riscv.hpp ****     static void supervisorTrap();
  87:src/../h/riscv.hpp **** 
  88:src/../h/riscv.hpp **** private:
  89:src/../h/riscv.hpp ****     //supervisor trap handler
  90:src/../h/riscv.hpp ****     static void handleSupervisorTrap();
  91:src/../h/riscv.hpp **** 
  92:src/../h/riscv.hpp **** };
  93:src/../h/riscv.hpp **** 
  94:src/../h/riscv.hpp **** inline uint64 Riscv::r_scause()
  95:src/../h/riscv.hpp **** {
  96:src/../h/riscv.hpp ****     uint64 volatile scause;
  97:src/../h/riscv.hpp ****     __asm__ volatile ("csrr %[scause], scause" : [scause] "=r"(scause));
  98:src/../h/riscv.hpp ****     return scause;
  99:src/../h/riscv.hpp **** }
 100:src/../h/riscv.hpp **** 
 101:src/../h/riscv.hpp **** inline void Riscv::w_scause(uint64 scause)
 102:src/../h/riscv.hpp **** {
 103:src/../h/riscv.hpp ****     __asm__ volatile ("csrw scause, %[scause]" : : [scause] "r"(scause));
 104:src/../h/riscv.hpp **** }
 105:src/../h/riscv.hpp **** 
 106:src/../h/riscv.hpp **** inline uint64 Riscv::r_sepc()
 107:src/../h/riscv.hpp **** {
 108:src/../h/riscv.hpp ****     uint64 volatile sepc;
 109:src/../h/riscv.hpp ****     __asm__ volatile ("csrr %[sepc], sepc" : [sepc] "=r"(sepc));
 110:src/../h/riscv.hpp ****     return sepc;
 111:src/../h/riscv.hpp **** }
 112:src/../h/riscv.hpp **** 
 113:src/../h/riscv.hpp **** inline void Riscv::w_sepc(uint64 sepc)
 114:src/../h/riscv.hpp **** {
 115:src/../h/riscv.hpp ****     __asm__ volatile ("csrw sepc, %[sepc]" : : [sepc] "r"(sepc));
 116:src/../h/riscv.hpp **** }
 117:src/../h/riscv.hpp **** 
 118:src/../h/riscv.hpp **** inline uint64 Riscv::r_stvec()
 119:src/../h/riscv.hpp **** {
GAS LISTING /tmp/ccle3ynw.s 			page 4


 120:src/../h/riscv.hpp ****     uint64 volatile stvec;
 121:src/../h/riscv.hpp ****     __asm__ volatile ("csrr %[stvec], stvec" : [stvec] "=r"(stvec));
 122:src/../h/riscv.hpp ****     return stvec;
 123:src/../h/riscv.hpp **** }
 124:src/../h/riscv.hpp **** 
 125:src/../h/riscv.hpp **** inline void Riscv::w_stvec(uint64 stvec)
 126:src/../h/riscv.hpp **** {
 127:src/../h/riscv.hpp ****     __asm__ volatile ("csrw stvec, %[stvec]" : : [stvec] "r"(stvec));
 128:src/../h/riscv.hpp **** }
 129:src/../h/riscv.hpp **** 
 130:src/../h/riscv.hpp **** inline uint64 Riscv::r_stval()
 131:src/../h/riscv.hpp **** {
 132:src/../h/riscv.hpp ****     uint64 volatile stval;
 133:src/../h/riscv.hpp ****     __asm__ volatile ("csrr %[stval], stval" : [stval] "=r"(stval));
 134:src/../h/riscv.hpp ****     return stval;
 135:src/../h/riscv.hpp **** }
 136:src/../h/riscv.hpp **** 
 137:src/../h/riscv.hpp **** inline void Riscv::w_stval(uint64 stval)
 138:src/../h/riscv.hpp **** {
 139:src/../h/riscv.hpp ****     __asm__ volatile ("csrw stval, %[stval]" : : [stval] "r"(stval));
 140:src/../h/riscv.hpp **** }
 141:src/../h/riscv.hpp **** 
 142:src/../h/riscv.hpp **** inline void Riscv::ms_sip(uint64 mask)
 143:src/../h/riscv.hpp **** {
 144:src/../h/riscv.hpp ****     __asm__ volatile ("csrs sip, %[mask]" : : [mask] "r"(mask));
 145:src/../h/riscv.hpp **** }
 146:src/../h/riscv.hpp **** 
 147:src/../h/riscv.hpp **** inline void Riscv::mc_sip(uint64 mask)
 148:src/../h/riscv.hpp **** {
 149:src/../h/riscv.hpp ****     __asm__ volatile ("csrc sip, %[mask]" : : [mask] "r"(mask));
 150:src/../h/riscv.hpp **** }
 151:src/../h/riscv.hpp **** 
 152:src/../h/riscv.hpp **** inline uint64 Riscv::r_sip()
 153:src/../h/riscv.hpp **** {
 154:src/../h/riscv.hpp ****     uint64 volatile sip;
 155:src/../h/riscv.hpp ****     __asm__ volatile ("csrr %[sip], sip" : [sip] "=r"(sip));
 156:src/../h/riscv.hpp ****     return sip;
 157:src/../h/riscv.hpp **** }
 158:src/../h/riscv.hpp **** 
 159:src/../h/riscv.hpp **** inline void Riscv::w_sip(uint64 sip)
 160:src/../h/riscv.hpp **** {
 161:src/../h/riscv.hpp ****     __asm__ volatile ("csrw sip, %[sip]" : : [sip] "r"(sip));
 162:src/../h/riscv.hpp **** }
 163:src/../h/riscv.hpp **** 
 164:src/../h/riscv.hpp **** inline void Riscv::ms_sstatus(uint64 mask)
 165:src/../h/riscv.hpp **** {
 166:src/../h/riscv.hpp ****     __asm__ volatile ("csrs sstatus, %[mask]" : : [mask] "r"(mask));
 167:src/../h/riscv.hpp **** }
 168:src/../h/riscv.hpp **** 
 169:src/../h/riscv.hpp **** inline void Riscv::mc_sstatus(uint64 mask)
 170:src/../h/riscv.hpp **** {
 171:src/../h/riscv.hpp ****     __asm__ volatile ("csrc sstatus, %[mask]" : : [mask] "r"(mask));
 172:src/../h/riscv.hpp **** }
 173:src/../h/riscv.hpp **** 
 174:src/../h/riscv.hpp **** inline uint64 Riscv::r_sstatus()
 175:src/../h/riscv.hpp **** {
 176:src/../h/riscv.hpp ****     uint64 volatile sstatus;
GAS LISTING /tmp/ccle3ynw.s 			page 5


  31              		.loc 2 176 5
 177:src/../h/riscv.hpp ****     __asm__ volatile ("csrr %[sstatus], sstatus" : [sstatus] "=r"(sstatus));
  32              		.loc 2 177 5
  33              		.loc 2 177 76 is_stmt 0
  34              	#APP
  35              	# 177 "src/../h/riscv.hpp" 1
 178              	    return sstatus;
  36              		csrr a5, sstatus
  37              	# 0 "" 2
  38              	#NO_APP
  39 001c 2334F4FC 		sd	a5,-56(s0)
  40              		.loc 2 178 5 is_stmt 1
  41              		.loc 2 178 12 is_stmt 0
  42 0020 033984FC 		ld	s2,-56(s0)
  43              	.LVL1:
  44              	.LBE9:
  45              	.LBE8:
  24:src/print.cpp ****     Riscv::mc_sstatus(Riscv::SSTATUS_SIE);
  46              		.loc 1 24 5 is_stmt 1
  47              	.LBB10:
  48              	.LBB11:
 171:src/../h/riscv.hpp **** }
  49              		.loc 2 171 5
 171:src/../h/riscv.hpp **** }
  50              		.loc 2 171 68 is_stmt 0
  51 0024 93072000 		li	a5,2
  52              	#APP
  53              	# 171 "src/../h/riscv.hpp" 1
  54              		csrc sstatus, a5
  55              	# 0 "" 2
  56              	.LVL2:
  57              	#NO_APP
  58              	.LBE11:
  59              	.LBE10:
  25:src/print.cpp ****     static char digits[] = "0123456789";
  60              		.loc 1 25 5 is_stmt 1
  26:src/print.cpp ****     char buf[16];
  61              		.loc 1 26 5
  27:src/print.cpp ****     int i, neg;
  62              		.loc 1 27 5
  28:src/print.cpp ****     uint x;
  63              		.loc 1 28 5
  29:src/print.cpp **** 
  30:src/print.cpp ****     neg = 0;
  64              		.loc 1 30 5
  31:src/print.cpp ****     if (integer < 0)
  65              		.loc 1 31 5
  32:src/print.cpp ****     {
  33:src/print.cpp ****         neg = 1;
  34:src/print.cpp ****         x = -integer;
  35:src/print.cpp ****     } else
  36:src/print.cpp ****     {
  37:src/print.cpp ****         x = integer;
  66              		.loc 1 37 9
  67              		.loc 1 37 11 is_stmt 0
  68 002c 1B050500 		sext.w	a0,a0
  69              	.LVL3:
GAS LISTING /tmp/ccle3ynw.s 			page 6


  38:src/print.cpp ****     }
  39:src/print.cpp **** 
  40:src/print.cpp ****     i = 0;
  70              		.loc 1 40 5 is_stmt 1
  71              		.loc 1 40 7 is_stmt 0
  72 0030 93040000 		li	s1,0
  73              	.LVL4:
  74              	.L2:
  41:src/print.cpp ****     do
  75              		.loc 1 41 5 is_stmt 1
  42:src/print.cpp ****     {
  43:src/print.cpp ****         buf[i++] = digits[x % 10];
  76              		.loc 1 43 9
  77              		.loc 1 43 29 is_stmt 0
  78 0034 1306A000 		li	a2,10
  79 0038 3B77C502 		remuw	a4,a0,a2
  80              	.LVL5:
  81              		.loc 1 43 33
  82 003c 93160702 		slli	a3,a4,32
  83 0040 93D60602 		srli	a3,a3,32
  84 0044 17070000 		lla	a4,.LANCHOR0
  84      13070700 
  85 004c 3307D700 		add	a4,a4,a3
  86 0050 03470700 		lbu	a4,0(a4)
  87              		.loc 1 43 18
  88 0054 930604FE 		addi	a3,s0,-32
  89 0058 B3879600 		add	a5,a3,s1
  90 005c 9B841400 		addiw	s1,s1,1
  91              	.LVL6:
  92 0060 2388E7FE 		sb	a4,-16(a5)
  44:src/print.cpp ****     } while ((x /= 10) != 0);
  93              		.loc 1 44 24 is_stmt 1
  94 0064 1B070500 		sext.w	a4,a0
  95              		.loc 1 44 17 is_stmt 0
  96 0068 3B55C502 		divuw	a0,a0,a2
  97              	.LVL7:
  98              		.loc 1 44 24
  99 006c 93079000 		li	a5,9
 100 0070 E3E2E7FC 		bgtu	a4,a5,.L2
 101              	.LVL8:
 102              	.L4:
  45:src/print.cpp ****     if (neg)
  46:src/print.cpp ****         buf[i++] = '-';
  47:src/print.cpp **** 
  48:src/print.cpp ****     while (--i >= 0)
 103              		.loc 1 48 5 is_stmt 1
 104              		.loc 1 48 16
 105 0074 9B84F4FF 		addiw	s1,s1,-1
 106              	.LVL9:
 107 0078 63CE0400 		bltz	s1,.L3
  49:src/print.cpp ****         __putc(buf[i]);
 108              		.loc 1 49 9
 109              		.loc 1 49 15 is_stmt 0
 110 007c 930704FE 		addi	a5,s0,-32
 111 0080 B3879700 		add	a5,a5,s1
 112 0084 03C507FF 		lbu	a0,-16(a5)
 113 0088 97000000 		call	__putc@plt
GAS LISTING /tmp/ccle3ynw.s 			page 7


 113      E7800000 
 114              	.LVL10:
 115 0090 6FF05FFE 		j	.L4
 116              	.L3:
  50:src/print.cpp ****     Riscv::ms_sstatus(sstatus & Riscv::SSTATUS_SIE ? Riscv::SSTATUS_SIE : 0);
 117              		.loc 1 50 5 is_stmt 1
 118              		.loc 1 50 52 is_stmt 0
 119 0094 1B090900 		sext.w	s2,s2
 120              	.LVL11:
 121              		.loc 1 50 22
 122 0098 13792900 		andi	s2,s2,2
 123 009c 1B090900 		sext.w	s2,s2
 124              	.LVL12:
 125              	.LBB12:
 126              	.LBB13:
 166:src/../h/riscv.hpp **** }
 127              		.loc 2 166 5 is_stmt 1
 166:src/../h/riscv.hpp **** }
 128              		.loc 2 166 68 is_stmt 0
 129              	#APP
 130              	# 166 "src/../h/riscv.hpp" 1
 131              		csrs sstatus, s2
 132              	# 0 "" 2
 133              	.LVL13:
 134              	#NO_APP
 135              	.LBE13:
 136              	.LBE12:
  51:src/print.cpp **** }...
 137              		.loc 1 51 1
 138 00a4 83308103 		ld	ra,56(sp)
 139              		.cfi_restore 1
 140 00a8 03340103 		ld	s0,48(sp)
 141              		.cfi_restore 8
 142              		.cfi_def_cfa 2, 64
 143 00ac 83348102 		ld	s1,40(sp)
 144              		.cfi_restore 9
 145 00b0 03390102 		ld	s2,32(sp)
 146              		.cfi_restore 18
 147 00b4 13010104 		addi	sp,sp,64
 148              		.cfi_def_cfa_offset 0
 149 00b8 67800000 		jr	ra
 150              		.cfi_endproc
 151              	.LFE16:
 153              		.section	.rodata
 154              		.align	3
 155              		.set	.LANCHOR0,. + 0
 158              	_ZZ12printIntegermE6digits:
 159 0000 30313233 		.string	"0123456789"
 159      34353637 
 159      383900
 160              		.text
 161              	.Letext0:
 162              		.file 3 "src/../h/../lib/hw.h"
 163              		.file 4 "src/../lib/console.h"
GAS LISTING /tmp/ccle3ynw.s 			page 8


DEFINED SYMBOLS
                            *ABS*:0000000000000000 print.cpp
     /tmp/ccle3ynw.s:9      .text:0000000000000000 _Z12printIntegerm
     /tmp/ccle3ynw.s:13     .text:0000000000000000 .L0 
     /tmp/ccle3ynw.s:15     .text:0000000000000000 .L0 
     /tmp/ccle3ynw.s:16     .text:0000000000000004 .L0 
     /tmp/ccle3ynw.s:21     .text:0000000000000014 .L0 
     /tmp/ccle3ynw.s:22     .text:0000000000000014 .L0 
     /tmp/ccle3ynw.s:23     .text:0000000000000014 .L0 
     /tmp/ccle3ynw.s:24     .text:0000000000000014 .L0 
     /tmp/ccle3ynw.s:26     .text:0000000000000018 .L0 
     /tmp/ccle3ynw.s:31     .text:0000000000000018 .L0 
     /tmp/ccle3ynw.s:32     .text:0000000000000018 .L0 
     /tmp/ccle3ynw.s:33     .text:0000000000000018 .L0 
  src/../h/riscv.hpp:177    .text:0000000000000018 .L0 
     /tmp/ccle3ynw.s:41     .text:0000000000000020 .L0 
     /tmp/ccle3ynw.s:42     .text:0000000000000020 .L0 
     /tmp/ccle3ynw.s:49     .text:0000000000000024 .L0 
     /tmp/ccle3ynw.s:50     .text:0000000000000024 .L0 
     /tmp/ccle3ynw.s:51     .text:0000000000000024 .L0 
     /tmp/ccle3ynw.s:61     .text:000000000000002c .L0 
     /tmp/ccle3ynw.s:62     .text:000000000000002c .L0 
     /tmp/ccle3ynw.s:63     .text:000000000000002c .L0 
     /tmp/ccle3ynw.s:64     .text:000000000000002c .L0 
     /tmp/ccle3ynw.s:65     .text:000000000000002c .L0 
     /tmp/ccle3ynw.s:66     .text:000000000000002c .L0 
     /tmp/ccle3ynw.s:67     .text:000000000000002c .L0 
     /tmp/ccle3ynw.s:68     .text:000000000000002c .L0 
     /tmp/ccle3ynw.s:71     .text:0000000000000030 .L0 
     /tmp/ccle3ynw.s:72     .text:0000000000000030 .L0 
     /tmp/ccle3ynw.s:76     .text:0000000000000034 .L0 
     /tmp/ccle3ynw.s:77     .text:0000000000000034 .L0 
     /tmp/ccle3ynw.s:78     .text:0000000000000034 .L0 
     /tmp/ccle3ynw.s:82     .text:000000000000003c .L0 
     /tmp/ccle3ynw.s:88     .text:0000000000000054 .L0 
     /tmp/ccle3ynw.s:94     .text:0000000000000064 .L0 
     /tmp/ccle3ynw.s:96     .text:0000000000000068 .L0 
     /tmp/ccle3ynw.s:99     .text:000000000000006c .L0 
     /tmp/ccle3ynw.s:104    .text:0000000000000074 .L0 
     /tmp/ccle3ynw.s:105    .text:0000000000000074 .L0 
     /tmp/ccle3ynw.s:109    .text:000000000000007c .L0 
     /tmp/ccle3ynw.s:110    .text:000000000000007c .L0 
     /tmp/ccle3ynw.s:118    .text:0000000000000094 .L0 
     /tmp/ccle3ynw.s:119    .text:0000000000000094 .L0 
     /tmp/ccle3ynw.s:122    .text:0000000000000098 .L0 
     /tmp/ccle3ynw.s:128    .text:00000000000000a0 .L0 
  src/../h/riscv.hpp:166    .text:00000000000000a0 .L0 
     /tmp/ccle3ynw.s:138    .text:00000000000000a4 .L0 
     /tmp/ccle3ynw.s:139    .text:00000000000000a8 .L0 
     /tmp/ccle3ynw.s:141    .text:00000000000000ac .L0 
     /tmp/ccle3ynw.s:142    .text:00000000000000ac .L0 
     /tmp/ccle3ynw.s:144    .text:00000000000000b0 .L0 
     /tmp/ccle3ynw.s:146    .text:00000000000000b4 .L0 
     /tmp/ccle3ynw.s:148    .text:00000000000000b8 .L0 
     /tmp/ccle3ynw.s:150    .text:00000000000000bc .L0 
     /tmp/ccle3ynw.s:155    .rodata:0000000000000000 .LANCHOR0
     /tmp/ccle3ynw.s:158    .rodata:0000000000000000 _ZZ12printIntegermE6digits
GAS LISTING /tmp/ccle3ynw.s 			page 9


     /tmp/ccle3ynw.s:164    .text:00000000000000bc .L0 
     /tmp/ccle3ynw.s:84     .text:0000000000000044 .L0 
     /tmp/ccle3ynw.s:74     .text:0000000000000034 .L2
     /tmp/ccle3ynw.s:116    .text:0000000000000094 .L3
     /tmp/ccle3ynw.s:102    .text:0000000000000074 .L4
     /tmp/ccle3ynw.s:704    .debug_abbrev:0000000000000000 .Ldebug_abbrev0
     /tmp/ccle3ynw.s:1431   .debug_str:00000000000001fd .LASF65
     /tmp/ccle3ynw.s:1397   .debug_str:00000000000000fc .LASF66
     /tmp/ccle3ynw.s:1473   .debug_str:00000000000003f7 .LASF67
     /tmp/ccle3ynw.s:5      .text:0000000000000000 .Ltext0
     /tmp/ccle3ynw.s:161    .text:00000000000000bc .Letext0
     /tmp/ccle3ynw.s:1355   .debug_line:0000000000000000 .Ldebug_line0
     /tmp/ccle3ynw.s:1445   .debug_str:0000000000000316 .LASF0
     /tmp/ccle3ynw.s:1439   .debug_str:00000000000002dd .LASF3
     /tmp/ccle3ynw.s:1419   .debug_str:00000000000001a5 .LASF1
     /tmp/ccle3ynw.s:1409   .debug_str:0000000000000162 .LASF2
     /tmp/ccle3ynw.s:1379   .debug_str:0000000000000082 .LASF4
     /tmp/ccle3ynw.s:1415   .debug_str:000000000000018b .LASF5
     /tmp/ccle3ynw.s:1365   .debug_str:0000000000000032 .LASF6
     /tmp/ccle3ynw.s:1359   .debug_str:0000000000000013 .LASF7
     /tmp/ccle3ynw.s:1401   .debug_str:0000000000000118 .LASF8
     /tmp/ccle3ynw.s:1461   .debug_str:000000000000037d .LASF9
     /tmp/ccle3ynw.s:1375   .debug_str:000000000000006f .LASF10
     /tmp/ccle3ynw.s:1507   .debug_str:000000000000050e .LASF11
     /tmp/ccle3ynw.s:1405   .debug_str:000000000000013e .LASF12
     /tmp/ccle3ynw.s:1497   .debug_str:00000000000004c7 .LASF13
     /tmp/ccle3ynw.s:1455   .debug_str:000000000000034d .LASF14
     /tmp/ccle3ynw.s:1421   .debug_str:00000000000001b8 .LASF15
     /tmp/ccle3ynw.s:1393   .debug_str:00000000000000e0 .LASF16
     /tmp/ccle3ynw.s:1465   .debug_str:000000000000039f .LASF17
     /tmp/ccle3ynw.s:1395   .debug_str:00000000000000f6 .LASF68
     /tmp/ccle3ynw.s:1499   .debug_str:00000000000004d7 .LASF69
     /tmp/ccle3ynw.s:1459   .debug_str:0000000000000371 .LASF18
     /tmp/ccle3ynw.s:1425   .debug_str:00000000000001de .LASF19
     /tmp/ccle3ynw.s:1483   .debug_str:000000000000046e .LASF20
     /tmp/ccle3ynw.s:1427   .debug_str:00000000000001eb .LASF21
     /tmp/ccle3ynw.s:1487   .debug_str:0000000000000485 .LASF23
     /tmp/ccle3ynw.s:1399   .debug_str:000000000000010a .LASF22
     /tmp/ccle3ynw.s:1385   .debug_str:00000000000000a6 .LASF24
     /tmp/ccle3ynw.s:1477   .debug_str:0000000000000437 .LASF25
     /tmp/ccle3ynw.s:1423   .debug_str:00000000000001c4 .LASF26
     /tmp/ccle3ynw.s:1433   .debug_str:00000000000002c1 .LASF27
     /tmp/ccle3ynw.s:1367   .debug_str:0000000000000039 .LASF29
     /tmp/ccle3ynw.s:1435   .debug_str:00000000000002ca .LASF31
     /tmp/ccle3ynw.s:1381   .debug_str:0000000000000089 .LASF33
     /tmp/ccle3ynw.s:1449   .debug_str:000000000000032b .LASF28
     /tmp/ccle3ynw.s:1413   .debug_str:0000000000000178 .LASF30
     /tmp/ccle3ynw.s:1391   .debug_str:00000000000000d9 .LASF32
     /tmp/ccle3ynw.s:1403   .debug_str:000000000000012b .LASF34
     /tmp/ccle3ynw.s:1447   .debug_str:0000000000000323 .LASF35
     /tmp/ccle3ynw.s:1481   .debug_str:000000000000045a .LASF36
     /tmp/ccle3ynw.s:1417   .debug_str:000000000000019d .LASF37
     /tmp/ccle3ynw.s:1457   .debug_str:000000000000035d .LASF38
     /tmp/ccle3ynw.s:1489   .debug_str:000000000000049d .LASF39
     /tmp/ccle3ynw.s:1371   .debug_str:0000000000000055 .LASF40
     /tmp/ccle3ynw.s:1411   .debug_str:0000000000000170 .LASF41
     /tmp/ccle3ynw.s:1471   .debug_str:00000000000003e3 .LASF42
GAS LISTING /tmp/ccle3ynw.s 			page 10


     /tmp/ccle3ynw.s:1503   .debug_str:00000000000004f8 .LASF43
     /tmp/ccle3ynw.s:1357   .debug_str:0000000000000000 .LASF44
     /tmp/ccle3ynw.s:1369   .debug_str:000000000000004e .LASF45
     /tmp/ccle3ynw.s:1453   .debug_str:000000000000033a .LASF46
     /tmp/ccle3ynw.s:1495   .debug_str:00000000000004c1 .LASF47
     /tmp/ccle3ynw.s:1463   .debug_str:000000000000038d .LASF48
     /tmp/ccle3ynw.s:1373   .debug_str:0000000000000069 .LASF49
     /tmp/ccle3ynw.s:1493   .debug_str:00000000000004af .LASF50
     /tmp/ccle3ynw.s:1485   .debug_str:000000000000047a .LASF51
     /tmp/ccle3ynw.s:1441   .debug_str:00000000000002e2 .LASF52
     /tmp/ccle3ynw.s:1387   .debug_str:00000000000000c1 .LASF53
     /tmp/ccle3ynw.s:1467   .debug_str:00000000000003b5 .LASF54
     /tmp/ccle3ynw.s:1437   .debug_str:00000000000002d3 .LASF55
     /tmp/ccle3ynw.s:1469   .debug_str:00000000000003cd .LASF56
     /tmp/ccle3ynw.s:1491   .debug_str:00000000000004a5 .LASF57
     /tmp/ccle3ynw.s:1479   .debug_str:0000000000000444 .LASF58
     /tmp/ccle3ynw.s:1505   .debug_str:00000000000004ff .LASF59
     /tmp/ccle3ynw.s:1443   .debug_str:00000000000002fa .LASF60
     /tmp/ccle3ynw.s:1407   .debug_str:000000000000014d .LASF70
     /tmp/ccle3ynw.s:1475   .debug_str:0000000000000415 .LASF71
     /tmp/ccle3ynw.s:1389   .debug_str:00000000000000cc .LASF72
     /tmp/ccle3ynw.s:1501   .debug_str:00000000000004e6 .LASF73
     /tmp/ccle3ynw.s:10     .text:0000000000000000 .LFB16
     /tmp/ccle3ynw.s:151    .text:00000000000000bc .LFE16
     /tmp/ccle3ynw.s:1383   .debug_str:000000000000009e .LASF74
     /tmp/ccle3ynw.s:1262   .debug_loc:0000000000000000 .LLST0
     /tmp/ccle3ynw.s:1451   .debug_str:0000000000000332 .LASF61
     /tmp/ccle3ynw.s:1276   .debug_loc:0000000000000039 .LLST1
     /tmp/ccle3ynw.s:1363   .debug_str:000000000000002b .LASF62
     /tmp/ccle3ynw.s:1283   .debug_loc:000000000000005c .LLST2
     /tmp/ccle3ynw.s:1305   .debug_loc:00000000000000bb .LLST3
     /tmp/ccle3ynw.s:28     .text:0000000000000018 .LBB8
     /tmp/ccle3ynw.s:45     .text:0000000000000024 .LBE8
     /tmp/ccle3ynw.s:47     .text:0000000000000024 .LBB10
     /tmp/ccle3ynw.s:59     .text:000000000000002c .LBE10
     /tmp/ccle3ynw.s:1327   .debug_loc:00000000000000fc .LLST4
     /tmp/ccle3ynw.s:125    .text:00000000000000a0 .LBB12
     /tmp/ccle3ynw.s:136    .text:00000000000000a4 .LBE12
     /tmp/ccle3ynw.s:1335   .debug_loc:0000000000000120 .LLST5
     /tmp/ccle3ynw.s:114    .text:0000000000000090 .LVL10
     /tmp/ccle3ynw.s:1361   .debug_str:0000000000000026 .LASF63
     /tmp/ccle3ynw.s:1377   .debug_str:000000000000007d .LASF64
     /tmp/ccle3ynw.s:1429   .debug_str:00000000000001f6 .LASF75
     /tmp/ccle3ynw.s:14     .text:0000000000000000 .LVL0
     /tmp/ccle3ynw.s:69     .text:0000000000000030 .LVL3
     /tmp/ccle3ynw.s:43     .text:0000000000000024 .LVL1
     /tmp/ccle3ynw.s:120    .text:0000000000000098 .LVL11
     /tmp/ccle3ynw.s:73     .text:0000000000000034 .LVL4
     /tmp/ccle3ynw.s:80     .text:000000000000003c .LVL5
     /tmp/ccle3ynw.s:91     .text:0000000000000060 .LVL6
     /tmp/ccle3ynw.s:101    .text:0000000000000074 .LVL8
     /tmp/ccle3ynw.s:106    .text:0000000000000078 .LVL9
     /tmp/ccle3ynw.s:97     .text:000000000000006c .LVL7
     /tmp/ccle3ynw.s:56     .text:000000000000002c .LVL2
     /tmp/ccle3ynw.s:124    .text:00000000000000a0 .LVL12
     /tmp/ccle3ynw.s:133    .text:00000000000000a4 .LVL13
     /tmp/ccle3ynw.s:165    .debug_info:0000000000000000 .Ldebug_info0
GAS LISTING /tmp/ccle3ynw.s 			page 11



UNDEFINED SYMBOLS
__putc
